<?xml version="1.0" encoding="UTF-8"?>
<testsuite xmlns:xsi="http://www.w3.org/2001/XMLSchema-instance" xsi:noNamespaceSchemaLocation="https://maven.apache.org/surefire/maven-surefire-plugin/xsd/surefire-test-report-3.0.xsd" version="3.0" name="com.ecommerce.project.EcomApplicationTests" time="20.4" tests="1" errors="0" skipped="0" failures="0">
  <properties>
[...]
</properties>
  <testcase name="contextLoads" classname="com.ecommerce.project.EcomApplicationTests" time="0.545">
    <system-out><![CDATA[22:19:49.319 [main] INFO org.springframework.test.context.support.AnnotationConfigContextLoaderUtils -- Could not detect default configuration classes for test class [com.ecommerce.project.EcomApplicationTests]: EcomApplicationTests does not declare any static, non-private, non-final, nested classes annotated with @Configuration.
22:19:49.404 [main] INFO org.springframework.boot.test.context.SpringBootTestContextBootstrapper -- Found @SpringBootConfiguration com.ecommerce.project.EcomApplication for test class com.ecommerce.project.EcomApplicationTests

  .   ____          _            __ _ _
 /\\ / ___'_ __ _ _(_)_ __  __ _ \ \ \ \
( ( )\___ | '_ | '_| | '_ \/ _` | \ \ \ \
 \\/  ___)| |_)| | | | | || (_| |  ) ) ) )
  '  |____| .__|_| |_|_| |_\__, | / / / /
 =========|_|==============|___/=/_/_/_/
 :: Spring Boot ::               (v3.2.10)

2024-10-09T22:19:49.738+05:30  INFO 22356 --- [ecom] [           main] c.e.project.EcomApplicationTests         : Starting EcomApplicationTests using Java 17.0.11 with PID 22356 (started by namansahu in /Users/namansahu/GitHub/Ecommerce)
2024-10-09T22:19:49.739+05:30  INFO 22356 --- [ecom] [           main] c.e.project.EcomApplicationTests         : No active profile set, falling back to 1 default profile: "default"
2024-10-09T22:19:50.412+05:30  INFO 22356 --- [ecom] [           main] .s.d.r.c.RepositoryConfigurationDelegate : Bootstrapping Spring Data JPA repositories in DEFAULT mode.
2024-10-09T22:19:50.487+05:30  INFO 22356 --- [ecom] [           main] .s.d.r.c.RepositoryConfigurationDelegate : Finished Spring Data repository scanning in 68 ms. Found 10 JPA repository interfaces.
2024-10-09T22:19:50.971+05:30  INFO 22356 --- [ecom] [           main] o.hibernate.jpa.internal.util.LogHelper  : HHH000204: Processing PersistenceUnitInfo [name: default]
2024-10-09T22:19:51.020+05:30  INFO 22356 --- [ecom] [           main] org.hibernate.Version                    : HHH000412: Hibernate ORM core version 6.4.10.Final
2024-10-09T22:19:51.049+05:30  INFO 22356 --- [ecom] [           main] o.h.c.internal.RegionFactoryInitiator    : HHH000026: Second-level cache disabled
2024-10-09T22:19:51.272+05:30  INFO 22356 --- [ecom] [           main] o.s.o.j.p.SpringPersistenceUnitInfo      : No LoadTimeWeaver setup: ignoring JPA class transformer
2024-10-09T22:19:51.293+05:30  INFO 22356 --- [ecom] [           main] com.zaxxer.hikari.HikariDataSource       : HikariPool-1 - Starting...
2024-10-09T22:19:53.610+05:30  INFO 22356 --- [ecom] [           main] com.zaxxer.hikari.pool.HikariPool        : HikariPool-1 - Added connection com.mysql.cj.jdbc.ConnectionImpl@60ed0b9d
2024-10-09T22:19:53.613+05:30  INFO 22356 --- [ecom] [           main] com.zaxxer.hikari.HikariDataSource       : HikariPool-1 - Start completed.
2024-10-09T22:19:53.997+05:30  WARN 22356 --- [ecom] [           main] org.hibernate.orm.deprecation            : HHH90000025: MySQLDialect does not need to be specified explicitly using 'hibernate.dialect' (remove the property setting and it will be selected by default)
2024-10-09T22:19:55.161+05:30  INFO 22356 --- [ecom] [           main] o.h.e.t.j.p.i.JtaPlatformInitiator       : HHH000489: No JTA platform available (set 'hibernate.transaction.jta.platform' to enable JTA platform integration)
2024-10-09T22:20:01.182+05:30  INFO 22356 --- [ecom] [           main] j.LocalContainerEntityManagerFactoryBean : Initialized JPA EntityManagerFactory for persistence unit 'default'
2024-10-09T22:20:01.589+05:30  INFO 22356 --- [ecom] [           main] o.s.d.j.r.query.QueryEnhancerFactory     : Hibernate is in classpath; If applicable, HQL parser will be used.
2024-10-09T22:20:02.058+05:30  WARN 22356 --- [ecom] [           main] JpaBaseConfiguration$JpaWebConfiguration : spring.jpa.open-in-view is enabled by default. Therefore, database queries may be performed during view rendering. Explicitly configure spring.jpa.open-in-view to disable this warning
2024-10-09T22:20:02.321+05:30  INFO 22356 --- [ecom] [           main] o.s.s.web.DefaultSecurityFilterChain     : Will secure any request with [org.springframework.security.web.session.DisableEncodeUrlFilter@25699129, org.springframework.security.web.context.request.async.WebAsyncManagerIntegrationFilter@6f0124b5, org.springframework.security.web.context.SecurityContextHolderFilter@38e1442a, org.springframework.security.web.header.HeaderWriterFilter@1d7135c, org.springframework.security.web.authentication.logout.LogoutFilter@54950027, com.ecommerce.project.security.jwt.AuthTokenFilter@1bb1ba54, org.springframework.security.web.savedrequest.RequestCacheAwareFilter@d3effcb, org.springframework.security.web.servletapi.SecurityContextHolderAwareRequestFilter@63a6dffd, org.springframework.security.web.authentication.AnonymousAuthenticationFilter@5498d2a2, org.springframework.security.web.session.SessionManagementFilter@4057babc, org.springframework.security.web.access.ExceptionTranslationFilter@3abe8714, org.springframework.security.web.access.intercept.AuthorizationFilter@12bb0322]
2024-10-09T22:20:02.326+05:30  WARN 22356 --- [ecom] [           main] o.s.s.c.a.web.builders.WebSecurity       : You are asking Spring Security to ignore Deferred [Mvc [pattern='/v2/api-docs'], Ant [pattern='/v2/api-docs']]. This is not recommended -- please use permitAll via HttpSecurity#authorizeHttpRequests instead.
2024-10-09T22:20:02.327+05:30  INFO 22356 --- [ecom] [           main] o.s.s.web.DefaultSecurityFilterChain     : Will not secure Deferred [Mvc [pattern='/v2/api-docs'], Ant [pattern='/v2/api-docs']]
2024-10-09T22:20:02.327+05:30  WARN 22356 --- [ecom] [           main] o.s.s.c.a.web.builders.WebSecurity       : You are asking Spring Security to ignore Deferred [Mvc [pattern='/configuration/ui'], Ant [pattern='/configuration/ui']]. This is not recommended -- please use permitAll via HttpSecurity#authorizeHttpRequests instead.
2024-10-09T22:20:02.327+05:30  INFO 22356 --- [ecom] [           main] o.s.s.web.DefaultSecurityFilterChain     : Will not secure Deferred [Mvc [pattern='/configuration/ui'], Ant [pattern='/configuration/ui']]
2024-10-09T22:20:02.327+05:30  WARN 22356 --- [ecom] [           main] o.s.s.c.a.web.builders.WebSecurity       : You are asking Spring Security to ignore Deferred [Mvc [pattern='/swagger-resources/**'], Ant [pattern='/swagger-resources/**']]. This is not recommended -- please use permitAll via HttpSecurity#authorizeHttpRequests instead.
2024-10-09T22:20:02.327+05:30  INFO 22356 --- [ecom] [           main] o.s.s.web.DefaultSecurityFilterChain     : Will not secure Deferred [Mvc [pattern='/swagger-resources/**'], Ant [pattern='/swagger-resources/**']]
2024-10-09T22:20:02.327+05:30  WARN 22356 --- [ecom] [           main] o.s.s.c.a.web.builders.WebSecurity       : You are asking Spring Security to ignore Deferred [Mvc [pattern='/configuration/security'], Ant [pattern='/configuration/security']]. This is not recommended -- please use permitAll via HttpSecurity#authorizeHttpRequests instead.
2024-10-09T22:20:02.327+05:30  INFO 22356 --- [ecom] [           main] o.s.s.web.DefaultSecurityFilterChain     : Will not secure Deferred [Mvc [pattern='/configuration/security'], Ant [pattern='/configuration/security']]
2024-10-09T22:20:02.327+05:30  WARN 22356 --- [ecom] [           main] o.s.s.c.a.web.builders.WebSecurity       : You are asking Spring Security to ignore Deferred [Mvc [pattern='/swagger-ui.html'], Ant [pattern='/swagger-ui.html']]. This is not recommended -- please use permitAll via HttpSecurity#authorizeHttpRequests instead.
2024-10-09T22:20:02.327+05:30  INFO 22356 --- [ecom] [           main] o.s.s.web.DefaultSecurityFilterChain     : Will not secure Deferred [Mvc [pattern='/swagger-ui.html'], Ant [pattern='/swagger-ui.html']]
2024-10-09T22:20:02.328+05:30  WARN 22356 --- [ecom] [           main] o.s.s.c.a.web.builders.WebSecurity       : You are asking Spring Security to ignore Deferred [Mvc [pattern='/webjars/**'], Ant [pattern='/webjars/**']]. This is not recommended -- please use permitAll via HttpSecurity#authorizeHttpRequests instead.
2024-10-09T22:20:02.328+05:30  INFO 22356 --- [ecom] [           main] o.s.s.web.DefaultSecurityFilterChain     : Will not secure Deferred [Mvc [pattern='/webjars/**'], Ant [pattern='/webjars/**']]
2024-10-09T22:20:02.600+05:30  INFO 22356 --- [ecom] [           main] c.e.project.EcomApplicationTests         : Started EcomApplicationTests in 13.079 seconds (process running for 13.877)
]]></system-out>
  </testcase>
</testsuite>